<?xml version="1.0" encoding="UTF-8"?>
<!-- Generated by org.testng.reporters.JUnitReportReporter -->
<testsuite skipped="0" hostname="e98cc273f92d" name="com.newtours.tests.BookFlightTests" tests="10" failures="0" timestamp="13 May 2020 00:37:18 GMT" time="21.377" errors="0">
  <testcase name="registrationPage" time="4.382" classname="com.newtours.tests.BookFlightTests"/>
  <testcase name="registrationPage" time="4.303" classname="com.newtours.tests.BookFlightTests"/>
  <testcase name="flightConfirmationPAge" time="1.643" classname="com.newtours.tests.BookFlightTests"/>
  <testcase name="flightDetailsPage" time="1.399" classname="com.newtours.tests.BookFlightTests"/>
  <testcase name="findFlightPage" time="2.554" classname="com.newtours.tests.BookFlightTests"/>
  <testcase name="RegistrationConfirmationPage" time="0.965" classname="com.newtours.tests.BookFlightTests"/>
  <testcase name="RegistrationConfirmationPage" time="1.019" classname="com.newtours.tests.BookFlightTests"/>
  <testcase name="flightConfirmationPAge" time="1.556" classname="com.newtours.tests.BookFlightTests"/>
  <testcase name="flightDetailsPage" time="1.192" classname="com.newtours.tests.BookFlightTests"/>
  <testcase name="findFlightPage" time="2.364" classname="com.newtours.tests.BookFlightTests"/>
</testsuite> <!-- com.newtours.tests.BookFlightTests -->
