<?xml version="1.0" encoding="UTF-8"?>
<!-- Generated by org.testng.reporters.JUnitReportReporter -->
<testsuite skipped="0" hostname="0f8d1a0f09b8" name="com.newtours.tests.BookFlightTests" tests="10" failures="0" timestamp="12 May 2020 12:40:30 GMT" time="21.850" errors="0">
  <testcase name="flightConfirmationPAge" time="1.563" classname="com.newtours.tests.BookFlightTests"/>
  <testcase name="flightDetailsPage" time="1.589" classname="com.newtours.tests.BookFlightTests"/>
  <testcase name="findFlightPage" time="2.530" classname="com.newtours.tests.BookFlightTests"/>
  <testcase name="findFlightPage" time="2.111" classname="com.newtours.tests.BookFlightTests"/>
  <testcase name="flightConfirmationPAge" time="1.412" classname="com.newtours.tests.BookFlightTests"/>
  <testcase name="flightDetailsPage" time="1.353" classname="com.newtours.tests.BookFlightTests"/>
  <testcase name="RegistrationConfirmationPage" time="0.990" classname="com.newtours.tests.BookFlightTests"/>
  <testcase name="registrationPage" time="4.436" classname="com.newtours.tests.BookFlightTests"/>
  <testcase name="registrationPage" time="4.879" classname="com.newtours.tests.BookFlightTests"/>
  <testcase name="RegistrationConfirmationPage" time="0.987" classname="com.newtours.tests.BookFlightTests"/>
</testsuite> <!-- com.newtours.tests.BookFlightTests -->
