<?xml version="1.0" encoding="UTF-8"?>
<!-- Generated by org.testng.reporters.JUnitReportReporter -->
<testsuite skipped="0" hostname="3a378bfb4929" name="com.newtours.tests.BookFlightTests" tests="10" failures="0" timestamp="03 May 2020 14:40:43 GMT" time="26.202" errors="0">
  <testcase name="flightConfirmationPAge" time="1.231" classname="com.newtours.tests.BookFlightTests"/>
  <testcase name="flightConfirmationPAge" time="1.334" classname="com.newtours.tests.BookFlightTests"/>
  <testcase name="registrationPage" time="4.614" classname="com.newtours.tests.BookFlightTests"/>
  <testcase name="RegistrationConfirmationPage" time="1.144" classname="com.newtours.tests.BookFlightTests"/>
  <testcase name="findFlightPage" time="2.044" classname="com.newtours.tests.BookFlightTests"/>
  <testcase name="registrationPage" time="9.467" classname="com.newtours.tests.BookFlightTests"/>
  <testcase name="RegistrationConfirmationPage" time="0.925" classname="com.newtours.tests.BookFlightTests"/>
  <testcase name="flightDetailsPage" time="1.088" classname="com.newtours.tests.BookFlightTests"/>
  <testcase name="flightDetailsPage" time="1.237" classname="com.newtours.tests.BookFlightTests"/>
  <testcase name="findFlightPage" time="3.118" classname="com.newtours.tests.BookFlightTests"/>
</testsuite> <!-- com.newtours.tests.BookFlightTests -->
