<?xml version="1.0" encoding="UTF-8"?>
<!-- Generated by org.testng.reporters.JUnitReportReporter -->
<testsuite skipped="0" hostname="657cd448e1d1" name="com.newtours.tests.BookFlightTests" tests="10" failures="0" timestamp="12 May 2020 22:50:54 GMT" time="48.097" errors="0">
  <testcase name="RegistrationConfirmationPage" time="7.517" classname="com.newtours.tests.BookFlightTests"/>
  <testcase name="findFlightPage" time="2.063" classname="com.newtours.tests.BookFlightTests"/>
  <testcase name="flightDetailsPage" time="1.415" classname="com.newtours.tests.BookFlightTests"/>
  <testcase name="registrationPage" time="7.561" classname="com.newtours.tests.BookFlightTests"/>
  <testcase name="registrationPage" time="7.668" classname="com.newtours.tests.BookFlightTests"/>
  <testcase name="findFlightPage" time="2.000" classname="com.newtours.tests.BookFlightTests"/>
  <testcase name="flightConfirmationPAge" time="1.554" classname="com.newtours.tests.BookFlightTests"/>
  <testcase name="flightConfirmationPAge" time="2.383" classname="com.newtours.tests.BookFlightTests"/>
  <testcase name="flightDetailsPage" time="1.116" classname="com.newtours.tests.BookFlightTests"/>
  <testcase name="RegistrationConfirmationPage" time="14.820" classname="com.newtours.tests.BookFlightTests"/>
</testsuite> <!-- com.newtours.tests.BookFlightTests -->
