<?xml version="1.0" encoding="UTF-8"?>
<!-- Generated by org.testng.reporters.JUnitReportReporter -->
<testsuite skipped="0" hostname="9c24ad0f54ef" name="com.newtours.tests.BookFlightTests" tests="10" failures="0" timestamp="03 May 2020 14:40:36 GMT" time="24.218" errors="0">
  <testcase name="findFlightPage" time="3.842" classname="com.newtours.tests.BookFlightTests"/>
  <testcase name="findFlightPage" time="2.494" classname="com.newtours.tests.BookFlightTests"/>
  <testcase name="flightConfirmationPAge" time="1.562" classname="com.newtours.tests.BookFlightTests"/>
  <testcase name="flightConfirmationPAge" time="1.337" classname="com.newtours.tests.BookFlightTests"/>
  <testcase name="flightDetailsPage" time="1.150" classname="com.newtours.tests.BookFlightTests"/>
  <testcase name="flightDetailsPage" time="1.012" classname="com.newtours.tests.BookFlightTests"/>
  <testcase name="registrationPage" time="5.636" classname="com.newtours.tests.BookFlightTests"/>
  <testcase name="RegistrationConfirmationPage" time="0.876" classname="com.newtours.tests.BookFlightTests"/>
  <testcase name="registrationPage" time="3.852" classname="com.newtours.tests.BookFlightTests"/>
  <testcase name="RegistrationConfirmationPage" time="2.457" classname="com.newtours.tests.BookFlightTests"/>
</testsuite> <!-- com.newtours.tests.BookFlightTests -->
