<?xml version="1.0" encoding="UTF-8"?>
<!-- Generated by org.testng.reporters.JUnitReportReporter -->
<testsuite skipped="0" hostname="e97d8acbd6d9" name="com.newtours.tests.BookFlightTests" tests="10" failures="0" timestamp="12 May 2020 22:50:34 GMT" time="33.864" errors="0">
  <testcase name="flightConfirmationPAge" time="1.334" classname="com.newtours.tests.BookFlightTests"/>
  <testcase name="flightDetailsPage" time="1.033" classname="com.newtours.tests.BookFlightTests"/>
  <testcase name="registrationPage" time="17.145" classname="com.newtours.tests.BookFlightTests"/>
  <testcase name="RegistrationConfirmationPage" time="0.935" classname="com.newtours.tests.BookFlightTests"/>
  <testcase name="RegistrationConfirmationPage" time="1.006" classname="com.newtours.tests.BookFlightTests"/>
  <testcase name="registrationPage" time="5.432" classname="com.newtours.tests.BookFlightTests"/>
  <testcase name="findFlightPage" time="2.125" classname="com.newtours.tests.BookFlightTests"/>
  <testcase name="flightDetailsPage" time="1.086" classname="com.newtours.tests.BookFlightTests"/>
  <testcase name="flightConfirmationPAge" time="1.371" classname="com.newtours.tests.BookFlightTests"/>
  <testcase name="findFlightPage" time="2.397" classname="com.newtours.tests.BookFlightTests"/>
</testsuite> <!-- com.newtours.tests.BookFlightTests -->
