<?xml version="1.0" encoding="UTF-8"?>
<!-- Generated by org.testng.reporters.JUnitReportReporter -->
<testsuite skipped="0" hostname="eb28b4149684" name="com.newtours.tests.BookFlightTests" tests="10" failures="0" timestamp="13 May 2020 00:37:14 GMT" time="21.885" errors="0">
  <testcase name="RegistrationConfirmationPage" time="1.127" classname="com.newtours.tests.BookFlightTests"/>
  <testcase name="flightConfirmationPAge" time="1.509" classname="com.newtours.tests.BookFlightTests"/>
  <testcase name="flightConfirmationPAge" time="1.519" classname="com.newtours.tests.BookFlightTests"/>
  <testcase name="flightDetailsPage" time="1.271" classname="com.newtours.tests.BookFlightTests"/>
  <testcase name="flightDetailsPage" time="1.320" classname="com.newtours.tests.BookFlightTests"/>
  <testcase name="findFlightPage" time="2.310" classname="com.newtours.tests.BookFlightTests"/>
  <testcase name="findFlightPage" time="2.271" classname="com.newtours.tests.BookFlightTests"/>
  <testcase name="RegistrationConfirmationPage" time="0.993" classname="com.newtours.tests.BookFlightTests"/>
  <testcase name="registrationPage" time="5.147" classname="com.newtours.tests.BookFlightTests"/>
  <testcase name="registrationPage" time="4.418" classname="com.newtours.tests.BookFlightTests"/>
</testsuite> <!-- com.newtours.tests.BookFlightTests -->
