<?xml version="1.0" encoding="UTF-8"?>
<!-- Generated by org.testng.reporters.JUnitReportReporter -->
<testsuite skipped="0" hostname="1e6c71280e83" name="com.newtours.tests.BookFlightTests" tests="10" failures="0" timestamp="12 May 2020 12:40:25 GMT" time="28.108" errors="0">
  <testcase name="registrationPage" time="9.780" classname="com.newtours.tests.BookFlightTests"/>
  <testcase name="flightDetailsPage" time="1.210" classname="com.newtours.tests.BookFlightTests"/>
  <testcase name="flightConfirmationPAge" time="1.536" classname="com.newtours.tests.BookFlightTests"/>
  <testcase name="RegistrationConfirmationPage" time="1.136" classname="com.newtours.tests.BookFlightTests"/>
  <testcase name="findFlightPage" time="2.504" classname="com.newtours.tests.BookFlightTests"/>
  <testcase name="flightDetailsPage" time="2.354" classname="com.newtours.tests.BookFlightTests"/>
  <testcase name="RegistrationConfirmationPage" time="1.157" classname="com.newtours.tests.BookFlightTests"/>
  <testcase name="flightConfirmationPAge" time="1.513" classname="com.newtours.tests.BookFlightTests"/>
  <testcase name="registrationPage" time="4.331" classname="com.newtours.tests.BookFlightTests"/>
  <testcase name="findFlightPage" time="2.587" classname="com.newtours.tests.BookFlightTests"/>
</testsuite> <!-- com.newtours.tests.BookFlightTests -->
