<?xml version="1.0" encoding="UTF-8"?>
<!-- Generated by org.testng.reporters.JUnitReportReporter -->
<testsuite skipped="0" hostname="6e82d5f01388" name="com.newtours.tests.BookFlightTests" tests="10" failures="0" timestamp="02 May 2020 13:11:07 GMT" time="19.178" errors="0">
  <testcase name="findFlightPage" time="2.493" classname="com.newtours.tests.BookFlightTests"/>
  <testcase name="RegistrationConfirmationPage" time="0.857" classname="com.newtours.tests.BookFlightTests"/>
  <testcase name="flightConfirmationPAge" time="1.288" classname="com.newtours.tests.BookFlightTests"/>
  <testcase name="findFlightPage" time="2.634" classname="com.newtours.tests.BookFlightTests"/>
  <testcase name="registrationPage" time="3.682" classname="com.newtours.tests.BookFlightTests"/>
  <testcase name="flightConfirmationPAge" time="1.351" classname="com.newtours.tests.BookFlightTests"/>
  <testcase name="RegistrationConfirmationPage" time="0.863" classname="com.newtours.tests.BookFlightTests"/>
  <testcase name="flightDetailsPage" time="0.903" classname="com.newtours.tests.BookFlightTests"/>
  <testcase name="flightDetailsPage" time="1.023" classname="com.newtours.tests.BookFlightTests"/>
  <testcase name="registrationPage" time="4.084" classname="com.newtours.tests.BookFlightTests"/>
</testsuite> <!-- com.newtours.tests.BookFlightTests -->
